10:43:58.179 [INFO] [com.google.gradle.osdetector.OsDetector] Detecting the operating system and CPU architecture
10:43:58.180 [INFO] [com.google.gradle.osdetector.OsDetector] ------------------------------------------------------------------------
10:43:58.181 [INFO] [com.google.gradle.osdetector.OsDetector] os.detected.name=linux
10:43:58.182 [INFO] [com.google.gradle.osdetector.OsDetector] os.detected.arch=unknown
---->编译mvn -X clean install安装os-maven-plugin(加入mips支持)
diff --git a/src/main/java/kr/motd/maven/os/Detector.java b/src/main/java/kr/motd/maven/os/Detector.java
index 8962f51..724e85a 100644
--- a/src/main/java/kr/motd/maven/os/Detector.java
+++ b/src/main/java/kr/motd/maven/os/Detector.java
@@ -200,6 +200,12 @@ public abstract class Detector {
         if ("ppc64le".equals(value)) {
             return "ppcle_64";
         }
+	if ("mips64".equals(value)) {
+            return "mips64";
+ 	}
+	if ("mips64el".equals(value)) {
+            return "mips64el";
+ 	}
         if ("s390".equals(value)) {
             return "s390_32";
         }


[xzy@localhost compiler]$ ../gradlew java_pluginExecutable
*** Building codegen requires Protobuf version 3.2.0
*** Please refer to https://github.com/grpc/grpc-java/blob/master/COMPILING.md#how-to-build-code-generation-plugin

FAILURE: Build failed with an exception.

* What went wrong:
A problem occurred configuring project ':grpc-compiler'.
> Exception thrown while executing model rule: NativeComponentModelPlugin.Rules#createBinaries
   > Invalid NativePlatform: linux_mips64el

* Try:
Run with --stacktrace option to get the stack trace. Run with --info or --debug option to get more log output.

BUILD FAILED

Total time: 53.997 secs

---->按照patch修改加入mips64支持

[xzy@localhost compiler]$ ../gradlew java_pluginExecutable  -Pprotoc=/home/xzy/test/protobuf-3.0.0/src/protoc
*** Building codegen requires Protobuf version 3.0.0
*** Please refer to https://github.com/grpc/grpc-java/blob/master/COMPILING.md#how-to-build-code-generation-plugin
:grpc-compiler:compileJava_pluginExecutableJava_pluginCpp UP-TO-DATE
:grpc-compiler:linkJava_pluginExecutable/usr/bin/ld: cannot find -lstdc++
/usr/bin/ld: cannot find -lm
/usr/bin/ld: cannot find -lc
collect2: 错误：ld 返回 1

 FAILED

FAILURE: Build failed with an exception.

* What went wrong:
Execution failed for task ':grpc-compiler:linkJava_pluginExecutable'.
> A build operation failed.
      Linker failed while linking protoc-gen-grpc-java.
  See the complete log at: file:///home/xzy/grpc-java/compiler/build/tmp/linkJava_pluginExecutable/output.txt

* Try:
Run with --stacktrace option to get the stack trace. Run with --info or --debug option to get more log output.

BUILD FAILED

Total time: 47.5 secs

---->安装libstdc++-static和glibc-static，参看https://github.com/grpc/grpc-java/issues/1189
yum install -y libstdc++-static glibc-static




